<?xml version="1.0" encoding="UTF-8"?>
<!-- Generated by org.testng.reporters.JUnitReportReporter -->
<testsuite skipped="0" hostname="ejee" name="practise.AppiumFramework.Ecommerce_tc_4" tests="1" failures="0" timestamp="2022-04-18T21:45:46 KST" time="27.568" errors="0">
  <testcase name="totalValidation" time="27.568" classname="practise.AppiumFramework.Ecommerce_tc_4"/>
  <system-out/>
</testsuite> <!-- practise.AppiumFramework.Ecommerce_tc_4 -->
