<?xml version="1.0" encoding="UTF-8"?>
<!-- Generated by org.testng.reporters.JUnitReportReporter -->
<testsuite skipped="0" hostname="ejee" name="practise.AppiumFramework.ApiDemoTest" tests="2" failures="0" timestamp="2022-04-18T21:45:46 KST" time="35.009" errors="0">
  <testcase name="apiDemo" time="17.423" classname="practise.AppiumFramework.ApiDemoTest"/>
  <system-out/>
  <testcase name="apiDemo" time="17.586" classname="practise.AppiumFramework.ApiDemoTest"/>
  <system-out/>
</testsuite> <!-- practise.AppiumFramework.ApiDemoTest -->
