<?xml version="1.0" encoding="UTF-8"?>
<!-- Generated by org.testng.reporters.JUnitReportReporter -->
<testsuite hostname="ejee" failures="0" tests="1" name="test.day2" time="0.001" errors="0" timestamp="2022-04-15T01:22:46 KST" skipped="0">
  <testcase classname="test.day2" name="Demo" time="0.001"/>
  <system-out/>
</testsuite> <!-- test.day2 -->
