<?xml version="1.0" encoding="UTF-8"?>
<!-- Generated by org.testng.reporters.JUnitReportReporter -->
<testsuite hostname="ejee" failures="0" tests="1" name="test.day1_1" time="0.000" errors="0" timestamp="2022-04-11T23:40:44 KST" skipped="0">
  <testcase classname="test.day1_1" name="Demo" time="0.000"/>
  <system-out/>
</testsuite> <!-- test.day1_1 -->
