<?xml version="1.0" encoding="UTF-8"?>
<!-- Generated by org.testng.reporters.JUnitReportReporter -->
<testsuite hostname="ejee" failures="0" tests="3" name="test.day4" time="0.001" errors="0" timestamp="2022-04-15T01:22:46 KST" skipped="0">
  <testcase classname="test.day4" name="LoginAPIHomeLoan" time="0.001"/>
  <system-out/>
  <testcase classname="test.day4" name="MobileloginHomeLoan" time="0.000"/>
  <system-out/>
  <testcase classname="test.day4" name="WebloginHomeLoan" time="0.000"/>
  <system-out/>
</testsuite> <!-- test.day4 -->
