<?xml version="1.0" encoding="UTF-8"?>
<!-- Generated by org.testng.reporters.JUnitReportReporter -->
<testsuite hostname="ejee" failures="0" tests="7" name="test.day3" time="0.008" errors="0" timestamp="2022-04-15T01:22:46 KST" skipped="1">
  <testcase classname="test.day3" name="MobilesignoutCarLoan" time="0.002"/>
  <system-out/>
  <testcase classname="test.day3" name="LoginAPICarLoan" time="0.000"/>
  <system-out/>
  <testcase classname="test.day3" name="MobileloginCarLoan" time="0.000"/>
  <system-out/>
  <testcase classname="test.day3" name="MobilesignoutCarLoan" time="0.005"/>
  <system-out/>
  <testcase classname="test.day3" name="MobilesignoutCarLoan" time="0.001"/>
  <system-out/>
  <testcase classname="test.day3" name="WebloginCarLoan" time="0.000"/>
  <system-out/>
  <testcase classname="test.day3" name="MobilesigninCarLoan">
    <skipped/>
  </testcase> <!-- MobilesigninCarLoan -->
  <system-out/>
</testsuite> <!-- test.day3 -->
