<?xml version="1.0" encoding="UTF-8"?>
<!-- Generated by org.testng.reporters.JUnitReportReporter -->
<testsuite skipped="0" hostname="ejee" name="practise.AppiumFramework.Ecommerce_tc_4" tests="1" failures="0" timestamp="18 4ì›” 2022 13:51:46 GMT" time="27.065" errors="0">
  <testcase name="totalValidation" time="27.065" classname="practise.AppiumFramework.Ecommerce_tc_4"/>
</testsuite> <!-- practise.AppiumFramework.Ecommerce_tc_4 -->
